

Microchip MPLAB XC8 Assembler V2.32 build 20210201212658 
                                                                                                           Thu Oct 28 02:29:41 2021


     1                           	processor	18F4520
     2                           	pagewidth 132
     3                           	opt	flic
     4                           	psect	udata_acs,global,class=COMRAM,space=1,delta=1,lowdata,noexec
     5                           	psect	udata_bank0,global,class=BANK0,space=1,delta=1,lowdata,noexec
     6                           	psect	udata_bank1,global,class=BANK1,space=1,delta=1,lowdata,noexec
     7                           	psect	udata_bank2,global,class=BANK2,space=1,delta=1,lowdata,noexec
     8                           	psect	udata_bank3,global,class=BANK3,space=1,delta=1,lowdata,noexec
     9                           	psect	udata_bank4,global,class=BANK4,space=1,delta=1,lowdata,noexec
    10                           	psect	udata_bank5,global,class=BANK5,space=1,delta=1,lowdata,noexec
    11                           	psect	udata,global,class=RAM,space=1,delta=1,noexec
    12                           	psect	code,global,reloc=2,class=CODE,delta=1
    13                           	psect	data,global,reloc=2,class=CONST,delta=1,noexec
    14                           	psect	edata,global,class=EEDATA,space=3,delta=2,noexec
    15                           	psect	mytext,local,reloc=2,class=CODE,delta=1
    16  0000                     
    17                           	psect	edata
    18  0000                     stk_offset	set	0
    19  0000                     auto_size	set	0
    20                           
    21                           ; stack_auto defines a symbol /name/_offset which equates to the
    22                           ; stack offset of the auto object in question
    23  000000                     
    24                           ; stack_param defines a symbol /name/_offset which equates to the
    25                           ; stack offset of the parameter object in question
    26  000000                     
    27                           ; alloc_stack adjusts the SP to allocate space for auto objects
    28                           ; it also links in to the btemp symbol so that can be used
    29  000000                     
    30                           ; restore_stack adjusts the SP to remove all auto and parameter
    31                           ; objects from the stack prior to returning from a function
    32  000000                     
    33                           	psect	mytext
    34  007FA4                     _divide:
    35                           	callstack 0
    36  007FA4  C001 FF92          	movff	1,3986
    37  007FA8  C003 FF93          	movff	3,3987
    38  007FAC  0E08               	movlw	8
    39  007FAE  CFE8 FFAD          	movff	wreg,4013
    40  007FB2  6A94               	clrf	3988,c
    41  007FB4  3692               	rlcf	3986,f,c
    42  007FB6  4694               	rlncf	3988,f,c
    43  007FB8  E302               	bnc	step1
    44  007FBA  0E01               	movlw	1
    45  007FBC  2694               	addwf	3988,f,c
    46  007FBE                     step1:
    47  007FBE  CF93 FFE8          	movff	3987,wreg
    48  007FC2  5C94               	subwf	3988,w,c
    49  007FC4  CFE8 FF94          	movff	wreg,3988
    50  007FC8  E70B               	bnn	step2_2
    51  007FCA  2493               	addwf	3987,w,c
    52  007FCC  CFE8 FF94          	movff	wreg,3988
    53  007FD0  3692               	rlcf	3986,f,c
    54  007FD2  4694               	rlncf	3988,f,c
    55  007FD4  0EFE               	movlw	254
    56  007FD6  1692               	andwf	3986,f,c
    57  007FD8  E30A               	bnc	step3
    58  007FDA  0E01               	movlw	1
    59  007FDC  2694               	addwf	3988,f,c
    60  007FDE  D007               	goto	step3
    61  007FE0                     step2_2:
    62  007FE0  3692               	rlcf	3986,f,c
    63  007FE2  4694               	rlncf	3988,f,c
    64  007FE4  E302               	bnc	set_rightmost_bit
    65  007FE6  0E01               	movlw	1
    66  007FE8  2694               	addwf	3988,f,c
    67  007FEA                     set_rightmost_bit:
    68  007FEA  0E01               	movlw	1
    69  007FEC  2692               	addwf	3986,f,c
    70  007FEE                     step3:
    71  007FEE  2EAD               	decfsz	4013,f,c
    72  007FF0  D7E6               	goto	step1
    73  007FF2  4292               	rrncf	3986,f,c
    74  007FF4  4294               	rrncf	3988,f,c
    75  007FF6  CF92 F002          	movff	3986,2
    76  007FFA  CF94 F001          	movff	3988,1
    77  007FFE  0012               	return	
    78                           tosu	equ	0xFFF
    79                           tosh	equ	0xFFE
    80                           tosl	equ	0xFFD
    81                           stkptr	equ	0xFFC
    82                           pclatu	equ	0xFFB
    83                           pclath	equ	0xFFA
    84                           pcl	equ	0xFF9
    85                           tblptru	equ	0xFF8
    86                           tblptrh	equ	0xFF7
    87                           tblptrl	equ	0xFF6
    88                           tablat	equ	0xFF5
    89                           prodh	equ	0xFF4
    90                           prodl	equ	0xFF3
    91                           indf0	equ	0xFEF
    92                           postinc0	equ	0xFEE
    93                           postdec0	equ	0xFED
    94                           preinc0	equ	0xFEC
    95                           plusw0	equ	0xFEB
    96                           fsr0h	equ	0xFEA
    97                           fsr0l	equ	0xFE9
    98                           wreg	equ	0xFE8
    99                           indf1	equ	0xFE7
   100                           postinc1	equ	0xFE6
   101                           postdec1	equ	0xFE5
   102                           preinc1	equ	0xFE4
   103                           plusw1	equ	0xFE3
   104                           fsr1h	equ	0xFE2
   105                           fsr1l	equ	0xFE1
   106                           bsr	equ	0xFE0
   107                           indf2	equ	0xFDF
   108                           postinc2	equ	0xFDE
   109                           postdec2	equ	0xFDD
   110                           preinc2	equ	0xFDC
   111                           plusw2	equ	0xFDB
   112                           fsr2h	equ	0xFDA
   113                           fsr2l	equ	0xFD9
   114                           status	equ	0xFD8


Microchip Technology PIC18 Macro Assembler V2.32 build 20210201212658 
Symbol Table                                                                                               Thu Oct 28 02:29:41 2021

                        WREG 000FE8                         TRISA 000F92                         TRISB 000F93  
                       TRISC 000F94                         TXREG 000FAD                         step1 7FBE  
                       step3 7FEE                       _divide 7FA4                       isa$std 000001  
                     step2_2 7FE0             set_rightmost_bit 7FEA                     isa$xinst 000000  
