Warning[205] C:\USERS\GRGY0\MPLABXPROJECTS\LAB.X\LAB6-3.ASM 1 : Found directive in column 1. (LIST)
Warning[207] C:\USERS\GRGY0\MPLABXPROJECTS\LAB.X\LAB6-3.ASM 7 : Found label after column 1. (L1)
Warning[207] C:\USERS\GRGY0\MPLABXPROJECTS\LAB.X\LAB6-3.ASM 8 : Found label after column 1. (L2)
Warning[205] C:\USERS\GRGY0\MPLABXPROJECTS\LAB.X\LAB6-3.ASM 30 : Found directive in column 1. (endm)
Warning[207] C:\USERS\GRGY0\MPLABXPROJECTS\LAB.X\LAB6-3.ASM 17 : Found label after column 1. (LOOP2)
Warning[207] C:\USERS\GRGY0\MPLABXPROJECTS\LAB.X\LAB6-3.ASM 20 : Found label after column 1. (LOOP1)
Warning[207] C:\USERS\GRGY0\MPLABXPROJECTS\LAB.X\LAB6-3.ASM 17 : Found label after column 1. (LOOP2)
Warning[207] C:\USERS\GRGY0\MPLABXPROJECTS\LAB.X\LAB6-3.ASM 20 : Found label after column 1. (LOOP1)
Warning[207] C:\USERS\GRGY0\MPLABXPROJECTS\LAB.X\LAB6-3.ASM 17 : Found label after column 1. (LOOP2)
Warning[207] C:\USERS\GRGY0\MPLABXPROJECTS\LAB.X\LAB6-3.ASM 20 : Found label after column 1. (LOOP1)
Warning[207] C:\USERS\GRGY0\MPLABXPROJECTS\LAB.X\LAB6-3.ASM 17 : Found label after column 1. (LOOP2)
Warning[207] C:\USERS\GRGY0\MPLABXPROJECTS\LAB.X\LAB6-3.ASM 20 : Found label after column 1. (LOOP1)
Warning[207] C:\USERS\GRGY0\MPLABXPROJECTS\LAB.X\LAB6-3.ASM 17 : Found label after column 1. (LOOP2)
Warning[207] C:\USERS\GRGY0\MPLABXPROJECTS\LAB.X\LAB6-3.ASM 20 : Found label after column 1. (LOOP1)
Warning[207] C:\USERS\GRGY0\MPLABXPROJECTS\LAB.X\LAB6-3.ASM 17 : Found label after column 1. (LOOP2)
Warning[207] C:\USERS\GRGY0\MPLABXPROJECTS\LAB.X\LAB6-3.ASM 20 : Found label after column 1. (LOOP1)
Warning[207] C:\USERS\GRGY0\MPLABXPROJECTS\LAB.X\LAB6-3.ASM 17 : Found label after column 1. (LOOP2)
Warning[207] C:\USERS\GRGY0\MPLABXPROJECTS\LAB.X\LAB6-3.ASM 20 : Found label after column 1. (LOOP1)
Warning[207] C:\USERS\GRGY0\MPLABXPROJECTS\LAB.X\LAB6-3.ASM 17 : Found label after column 1. (LOOP2)
Warning[207] C:\USERS\GRGY0\MPLABXPROJECTS\LAB.X\LAB6-3.ASM 20 : Found label after column 1. (LOOP1)
Warning[207] C:\USERS\GRGY0\MPLABXPROJECTS\LAB.X\LAB6-3.ASM 17 : Found label after column 1. (LOOP2)
Warning[207] C:\USERS\GRGY0\MPLABXPROJECTS\LAB.X\LAB6-3.ASM 20 : Found label after column 1. (LOOP1)
Warning[207] C:\USERS\GRGY0\MPLABXPROJECTS\LAB.X\LAB6-3.ASM 17 : Found label after column 1. (LOOP2)
Warning[207] C:\USERS\GRGY0\MPLABXPROJECTS\LAB.X\LAB6-3.ASM 20 : Found label after column 1. (LOOP1)
Warning[207] C:\USERS\GRGY0\MPLABXPROJECTS\LAB.X\LAB6-3.ASM 17 : Found label after column 1. (LOOP2)
Warning[207] C:\USERS\GRGY0\MPLABXPROJECTS\LAB.X\LAB6-3.ASM 20 : Found label after column 1. (LOOP1)
Warning[207] C:\USERS\GRGY0\MPLABXPROJECTS\LAB.X\LAB6-3.ASM 17 : Found label after column 1. (LOOP2)
Warning[207] C:\USERS\GRGY0\MPLABXPROJECTS\LAB.X\LAB6-3.ASM 20 : Found label after column 1. (LOOP1)
Warning[207] C:\USERS\GRGY0\MPLABXPROJECTS\LAB.X\LAB6-3.ASM 17 : Found label after column 1. (LOOP2)
Warning[207] C:\USERS\GRGY0\MPLABXPROJECTS\LAB.X\LAB6-3.ASM 20 : Found label after column 1. (LOOP1)
Warning[207] C:\USERS\GRGY0\MPLABXPROJECTS\LAB.X\LAB6-3.ASM 17 : Found label after column 1. (LOOP2)
Warning[207] C:\USERS\GRGY0\MPLABXPROJECTS\LAB.X\LAB6-3.ASM 20 : Found label after column 1. (LOOP1)
Warning[207] C:\USERS\GRGY0\MPLABXPROJECTS\LAB.X\LAB6-3.ASM 17 : Found label after column 1. (LOOP2)
Warning[207] C:\USERS\GRGY0\MPLABXPROJECTS\LAB.X\LAB6-3.ASM 20 : Found label after column 1. (LOOP1)
Warning[205] C:\USERS\GRGY0\MPLABXPROJECTS\LAB.X\LAB6-3.ASM 154 : Found directive in column 1. (end)
