Warning[205] C:\USERS\GRGY0\MPLABXPROJECTS\LAB.X\LAB7-1.ASM 1 : Found directive in column 1. (LIST)
Error[128]   C:\USERS\GRGY0\MPLABXPROJECTS\LAB.X\LAB7-1.ASM 66 : Missing argument(s)
Error[113]   C:\USERS\GRGY0\MPLABXPROJECTS\LAB.X\LAB7-1.ASM 66 : Symbol not previously defined (toggle)
Error[128]   C:\USERS\GRGY0\MPLABXPROJECTS\LAB.X\LAB7-1.ASM 66 : Missing argument(s)
Error[128]   C:\USERS\GRGY0\MPLABXPROJECTS\LAB.X\LAB7-1.ASM 67 : Missing argument(s)
Error[113]   C:\USERS\GRGY0\MPLABXPROJECTS\LAB.X\LAB7-1.ASM 67 : Symbol not previously defined (clear)
Error[128]   C:\USERS\GRGY0\MPLABXPROJECTS\LAB.X\LAB7-1.ASM 67 : Missing argument(s)
Error[128]   C:\USERS\GRGY0\MPLABXPROJECTS\LAB.X\LAB7-1.ASM 73 : Missing argument(s)
Error[128]   C:\USERS\GRGY0\MPLABXPROJECTS\LAB.X\LAB7-1.ASM 73 : Missing argument(s)
Error[128]   C:\USERS\GRGY0\MPLABXPROJECTS\LAB.X\LAB7-1.ASM 74 : Missing argument(s)
Error[128]   C:\USERS\GRGY0\MPLABXPROJECTS\LAB.X\LAB7-1.ASM 74 : Missing argument(s)
Error[128]   C:\USERS\GRGY0\MPLABXPROJECTS\LAB.X\LAB7-1.ASM 75 : Missing argument(s)
Error[128]   C:\USERS\GRGY0\MPLABXPROJECTS\LAB.X\LAB7-1.ASM 75 : Missing argument(s)
Error[108]   C:\USERS\GRGY0\MPLABXPROJECTS\LAB.X\LAB7-1.ASM 77 : Illegal character (/)
Error[108]   C:\USERS\GRGY0\MPLABXPROJECTS\LAB.X\LAB7-1.ASM 82 : Illegal character (/)
Error[108]   C:\USERS\GRGY0\MPLABXPROJECTS\LAB.X\LAB7-1.ASM 83 : Illegal character (/)
Error[128]   C:\USERS\GRGY0\MPLABXPROJECTS\LAB.X\LAB7-1.ASM 87 : Missing argument(s)
Error[113]   C:\USERS\GRGY0\MPLABXPROJECTS\LAB.X\LAB7-1.ASM 87 : Symbol not previously defined (set)
Error[128]   C:\USERS\GRGY0\MPLABXPROJECTS\LAB.X\LAB7-1.ASM 87 : Missing argument(s)
Warning[205] C:\USERS\GRGY0\MPLABXPROJECTS\LAB.X\LAB7-1.ASM 88 : Found directive in column 1. (END)
